\BOOKMARK [1][-]{section.1}{Introduction}{}% 1
\BOOKMARK [1][-]{section.2}{Statistical Property of Pseudo-Random Quantum Circuits}{}% 2
\BOOKMARK [2][-]{subsection.2.1}{Definition of Collision Probability}{section.2}% 3
\BOOKMARK [2][-]{subsection.2.2}{Collision Probability in Pseudo-Random Quantum Circuits}{section.2}% 4
\BOOKMARK [2][-]{subsection.2.3}{Underlying Intuition}{section.2}% 5
\BOOKMARK [1][-]{section.3}{The Stabilizer Formalism}{}% 6
\BOOKMARK [2][-]{subsection.3.1}{Motivation}{section.3}% 7
\BOOKMARK [2][-]{subsection.3.2}{The Pauli Group}{section.3}% 8
\BOOKMARK [2][-]{subsection.3.3}{Isomorphism to F2}{section.3}% 9
\BOOKMARK [2][-]{subsection.3.4}{The Stabilizer Group}{section.3}% 10
\BOOKMARK [2][-]{subsection.3.5}{Clifford Gates}{section.3}% 11
\BOOKMARK [2][-]{subsection.3.6}{Projectors}{section.3}% 12
\BOOKMARK [1][-]{section.4}{Efficiently Computing Collision Probability}{}% 13
\BOOKMARK [2][-]{subsection.4.1}{Preliminaries}{section.4}% 14
\BOOKMARK [2][-]{subsection.4.2}{Simplifying Collision Probability}{section.4}% 15
\BOOKMARK [2][-]{subsection.4.3}{An Algorithm to Efficiently Compute Collision Probability}{section.4}% 16
\BOOKMARK [1][-]{section.5}{Simulations and Numerical Results}{}% 17
\BOOKMARK [2][-]{subsection.5.1}{Simulation Protocol}{section.5}% 18
\BOOKMARK [2][-]{subsection.5.2}{1D Lattice}{section.5}% 19
\BOOKMARK [2][-]{subsection.5.3}{2D Lattice}{section.5}% 20
\BOOKMARK [2][-]{subsection.5.4}{3D Lattice}{section.5}% 21
\BOOKMARK [2][-]{subsection.5.5}{Complete Graph}{section.5}% 22
\BOOKMARK [2][-]{subsection.5.6}{Fluctuations in Collision Probability}{section.5}% 23
\BOOKMARK [2][-]{subsection.5.7}{Summary of the Numerical Results}{section.5}% 24
\BOOKMARK [1][-]{section.6}{Conclusion}{}% 25
